2013-09-24 16:25:22,927 ERROR [Text Viewer Hover Presenter] - System.err - Java Model Exception: Java Model Status [HwlloWorld does not exist]
2013-09-24 16:25:22,931 ERROR [Text Viewer Hover Presenter] - System.err - at org.eclipse.jdt.internal.core.JavaElement.newNotPresentException(JavaElement.java:495)
2013-09-24 16:25:22,931 ERROR [Text Viewer Hover Presenter] - System.err - at org.eclipse.jdt.internal.core.JavaModelManager.getPerProjectInfoCheckExistence(JavaModelManager.java:2283)
2013-09-24 16:25:22,931 ERROR [Text Viewer Hover Presenter] - System.err - at org.eclipse.jdt.internal.core.JavaProject.getPerProjectInfo(JavaProject.java:1905)
2013-09-24 16:25:22,931 ERROR [Text Viewer Hover Presenter] - System.err - at org.eclipse.jdt.internal.core.JavaProject.getRawClasspath(JavaProject.java:1927)
2013-09-24 16:25:22,931 ERROR [Text Viewer Hover Presenter] - System.err - at scala.tools.eclipse.ClasspathManagement$class.jdkPaths(ClasspathManagement.scala:138)
2013-09-24 16:25:22,931 ERROR [Text Viewer Hover Presenter] - System.err - at scala.tools.eclipse.ScalaProject.jdkPaths(ScalaProject.scala:80)
2013-09-24 16:25:22,931 ERROR [Text Viewer Hover Presenter] - System.err - at scala.tools.eclipse.ClasspathManagement$class.scalaClasspath(ClasspathManagement.scala:118)
2013-09-24 16:25:22,931 ERROR [Text Viewer Hover Presenter] - System.err - at scala.tools.eclipse.ScalaProject.scalaClasspath(ScalaProject.scala:80)
2013-09-24 16:25:22,931 ERROR [Text Viewer Hover Presenter] - System.err - at scala.tools.eclipse.ScalaProject.setupCompilerClasspath(ScalaProject.scala:509)
2013-09-24 16:25:22,931 ERROR [Text Viewer Hover Presenter] - System.err - at scala.tools.eclipse.ScalaProject.initializeCompilerSettings(ScalaProject.scala:495)
2013-09-24 16:25:22,931 ERROR [Text Viewer Hover Presenter] - System.err - at scala.tools.eclipse.ScalaProject$$anon$1.create(ScalaProject.scala:99)
2013-09-24 16:25:22,931 ERROR [Text Viewer Hover Presenter] - System.err - at scala.tools.eclipse.ScalaProject$$anon$1.create(ScalaProject.scala:95)
2013-09-24 16:25:22,931 ERROR [Text Viewer Hover Presenter] - System.err - at scala.tools.eclipse.util.Cached$class.apply(Cached.scala:30)
2013-09-24 16:25:22,931 ERROR [Text Viewer Hover Presenter] - System.err - at scala.tools.eclipse.ScalaProject$$anon$1.apply(ScalaProject.scala:95)
2013-09-24 16:25:22,931 ERROR [Text Viewer Hover Presenter] - System.err - at scala.tools.eclipse.ScalaProject.withPresentationCompiler(ScalaProject.scala:589)
2013-09-24 16:25:22,931 ERROR [Text Viewer Hover Presenter] - System.err - at scala.tools.eclipse.ScalaProject.withSourceFile(ScalaProject.scala:598)
2013-09-24 16:25:22,931 ERROR [Text Viewer Hover Presenter] - System.err - at scala.tools.eclipse.InteractiveCompilationUnit$class.withSourceFile(InteractiveCompilationUnit.scala:66)
2013-09-24 16:25:22,931 ERROR [Text Viewer Hover Presenter] - System.err - at scala.tools.eclipse.javaelements.ScalaSourceFile.withSourceFile(ScalaSourceFile.scala:50)
2013-09-24 16:25:22,932 ERROR [Text Viewer Hover Presenter] - System.err - at scala.tools.eclipse.ScalaHover.getHoverInfo(ScalaHover.scala:43)
2013-09-24 16:25:22,932 ERROR [Text Viewer Hover Presenter] - System.err - at org.eclipse.jface.text.TextViewerHoverManager$4.run(TextViewerHoverManager.java:168)
2013-09-24 16:25:22,934 ERROR [main] - org.scala-ide.sdt.core - org.scala-ide.sdt.core - org.scala-ide.sdt.core - 0 - Java Model Exception: Java Model Status [HwlloWorld does not exist]
2013-09-24 20:52:01,119 ERROR [main] - org.scala-ide.sdt.core - org.scala-ide.sdt.core - org.scala-ide.sdt.core - 0 - Error during instrumentation of ScriptCompilationUnit(L/HelloWorld/src/week1/session.sc)
org.scalaide.worksheet.runtime.ProgramInstrumentationFailed: Error during askInstrumented of unit session.sc
	at org.scalaide.worksheet.runtime.SourceInstrumenter.instrumentProgram(SourceInstrumenter.scala:37)
	at org.scalaide.worksheet.runtime.SourceInstrumenter.instrument(SourceInstrumenter.scala:20)
	at org.scalaide.worksheet.runtime.WorksheetRunner$$anonfun$act$1$$anonfun$apply$1.applyOrElse(WorksheetRunner.scala:59)
	at scala.runtime.AbstractPartialFunction$mcVL$sp.apply$mcVL$sp(AbstractPartialFunction.scala:33)
	at scala.runtime.AbstractPartialFunction$mcVL$sp.apply(AbstractPartialFunction.scala:33)
	at scala.runtime.AbstractPartialFunction$mcVL$sp.apply(AbstractPartialFunction.scala:25)
	at scala.actors.ReactorTask.run(ReactorTask.scala:31)
	at scala.actors.Reactor$class.resumeReceiver(Reactor.scala:129)
	at org.scalaide.worksheet.runtime.WorksheetRunner.scala$actors$InternalReplyReactor$$super$resumeReceiver(WorksheetRunner.scala:33)
	at scala.actors.InternalReplyReactor$class.resumeReceiver(InternalReplyReactor.scala:59)
	at org.scalaide.worksheet.runtime.WorksheetRunner.resumeReceiver(WorksheetRunner.scala:33)
	at scala.actors.InternalActor$class.searchMailbox(InternalActor.scala:76)
	at org.scalaide.worksheet.runtime.WorksheetRunner.searchMailbox(WorksheetRunner.scala:33)
	at scala.actors.Reactor$$anonfun$startSearch$1$$anonfun$apply$mcV$sp$1.apply$mcV$sp(Reactor.scala:117)
	at scala.actors.Reactor$$anonfun$startSearch$1$$anonfun$apply$mcV$sp$1.apply(Reactor.scala:114)
	at scala.actors.Reactor$$anonfun$startSearch$1$$anonfun$apply$mcV$sp$1.apply(Reactor.scala:114)
	at scala.actors.ReactorTask.run(ReactorTask.scala:33)
	at scala.actors.ReactorTask.compute(ReactorTask.scala:63)
	at scala.concurrent.forkjoin.RecursiveAction.exec(RecursiveAction.java:160)
	at scala.concurrent.forkjoin.ForkJoinTask.doExec(ForkJoinTask.java:260)
	at scala.concurrent.forkjoin.ForkJoinPool$WorkQueue.runTask(ForkJoinPool.java:1339)
	at scala.concurrent.forkjoin.ForkJoinPool.runWorker(ForkJoinPool.java:1979)
	at scala.concurrent.forkjoin.ForkJoinWorkerThread.run(ForkJoinWorkerThread.java:107)
Caused by: java.lang.ArrayIndexOutOfBoundsException
	at scala.Array$.copy(Array.scala:105)
	at scala.tools.nsc.interactive.ScratchPadMaker2$Patcher$$anonfun$result$2.apply(ScratchPadMaker2.scala:148)
	at scala.tools.nsc.interactive.ScratchPadMaker2$Patcher$$anonfun$result$2.apply(ScratchPadMaker2.scala:145)
	at scala.collection.TraversableLike$WithFilter$$anonfun$foreach$1.apply(TraversableLike.scala:772)
	at scala.collection.mutable.ResizableArray$class.foreach(ResizableArray.scala:59)
	at scala.collection.mutable.ArrayBuffer.foreach(ArrayBuffer.scala:47)
	at scala.collection.TraversableLike$WithFilter.foreach(TraversableLike.scala:771)
	at scala.tools.nsc.interactive.ScratchPadMaker2$Patcher.result(ScratchPadMaker2.scala:145)
	at scala.tools.nsc.interactive.ProgramInstrumenter$Instrumenter$.scala$tools$nsc$interactive$ProgramInstrumenter$Instrumenter$$instrumentation(ProgramInstrumenter.scala:35)
	at scala.tools.nsc.interactive.ProgramInstrumenter$Instrumenter$$anonfun$askInstrumentation$1.apply(ProgramInstrumenter.scala:15)
	at scala.tools.nsc.interactive.ProgramInstrumenter$Instrumenter$$anonfun$askInstrumentation$1.apply(ProgramInstrumenter.scala:15)
	at scala.tools.nsc.interactive.Global$$anonfun$respond$1.apply(Global.scala:616)
	at scala.tools.nsc.interactive.Global$$anonfun$respond$1.apply(Global.scala:616)
	at scala.tools.nsc.interactive.Global.respondGradually(Global.scala:623)
	at scala.tools.nsc.interactive.Global.respond(Global.scala:616)
	at scala.tools.nsc.interactive.ProgramInstrumenter$Instrumenter$.askInstrumentation(ProgramInstrumenter.scala:14)
	at scala.tools.nsc.interactive.ProgramInstrumenter$$anonfun$askInstrumented$1.apply$mcV$sp(ProgramInstrumenter.scala:51)
	at scala.tools.nsc.interactive.ProgramInstrumenter$$anonfun$askInstrumented$1.apply(ProgramInstrumenter.scala:51)
	at scala.tools.nsc.interactive.ProgramInstrumenter$$anonfun$askInstrumented$1.apply(ProgramInstrumenter.scala:51)
	at scala.tools.nsc.util.InterruptReq.execute(InterruptReq.scala:26)
	at scala.tools.nsc.interactive.Global.pollForWork(Global.scala:339)
	at scala.tools.nsc.interactive.Global.checkForMoreWork(Global.scala:400)
	at scala.tools.nsc.interactive.Global.signalDone(Global.scala:253)
	at scala.tools.nsc.typechecker.Typers$Typer.typed(Typers.scala:5631)
	at scala.tools.nsc.typechecker.Typers$Typer.typedTypeConstructor(Typers.scala:5748)
	at scala.tools.nsc.typechecker.Typers$Typer.typedTypeConstructor(Typers.scala:5765)
	at scala.tools.nsc.typechecker.Typers$Typer.parentTypes(Typers.scala:1527)
	at scala.tools.nsc.typechecker.Typers$Typer.typedModuleDef(Typers.scala:1801)
	at scala.tools.nsc.typechecker.Typers$Typer.typed1(Typers.scala:5546)
	at scala.tools.nsc.typechecker.Typers$Typer.typed(Typers.scala:5604)
	at scala.tools.nsc.typechecker.Typers$Typer.scala$tools$nsc$typechecker$Typers$Typer$$typedStat$1(Typers.scala:2926)
	at scala.tools.nsc.typechecker.Typers$Typer$$anonfun$60.apply(Typers.scala:3030)
	at scala.tools.nsc.typechecker.Typers$Typer$$anonfun$60.apply(Typers.scala:3030)
	at scala.collection.immutable.List.loop$1(List.scala:170)
	at scala.collection.immutable.List.mapConserve(List.scala:186)
	at scala.tools.nsc.typechecker.Typers$Typer.typedStats(Typers.scala:3030)
	at scala.tools.nsc.typechecker.Typers$Typer.typedPackageDef$1(Typers.scala:5263)
	at scala.tools.nsc.typechecker.Typers$Typer.typed1(Typers.scala:5549)
	at scala.tools.nsc.typechecker.Typers$Typer.typed(Typers.scala:5604)
	at scala.tools.nsc.typechecker.Typers$Typer.typed(Typers.scala:5666)
	at scala.tools.nsc.typechecker.Analyzer$typerFactory$$anon$3.apply(Analyzer.scala:99)
	at scala.tools.nsc.Global$GlobalPhase.applyPhase(Global.scala:464)
	at scala.tools.nsc.interactive.Global$TyperRun$$anonfun$applyPhase$1.apply(Global.scala:1153)
	at scala.tools.nsc.interactive.Global$TyperRun$$anonfun$applyPhase$1.apply(Global.scala:1153)
	at scala.reflect.internal.SymbolTable.atPhase(SymbolTable.scala:207)
	at scala.tools.nsc.interactive.Global$TyperRun.applyPhase(Global.scala:1153)
	at scala.tools.nsc.interactive.Global$TyperRun.typeCheck(Global.scala:1146)
	at scala.tools.nsc.interactive.Global.scala$tools$nsc$interactive$Global$$typeCheck(Global.scala:585)
	at scala.tools.nsc.interactive.Global$$anonfun$backgroundCompile$5$$anonfun$apply$7.apply(Global.scala:501)
	at scala.tools.nsc.interactive.Global$$anonfun$backgroundCompile$5.apply(Global.scala:497)
	at scala.tools.nsc.interactive.Global$$anonfun$backgroundCompile$5.apply(Global.scala:497)
	at scala.collection.TraversableLike$WithFilter$$anonfun$foreach$1.apply(TraversableLike.scala:772)
	at scala.collection.immutable.List.foreach(List.scala:318)
	at scala.collection.TraversableLike$WithFilter.foreach(TraversableLike.scala:771)
	at scala.tools.nsc.interactive.Global.backgroundCompile(Global.scala:497)
	at scala.tools.nsc.interactive.PresentationCompilerThread.run(PresentationCompilerThread.scala:25)
2013-09-25 10:40:04,148  WARN [main] - org.scala-ide.sdt.core - org.scala-ide.sdt.core - org.scala-ide.sdt.core - 0 - ProgramExecutor actor </home/rahim/Coursera/ScalaWS/HelloWorld/src/week1/assign2.sc> self-healing...
java.lang.NullPointerException
	at org.scalaide.worksheet.editor.ScriptEditor$DefaultEditorProxy.org$scalaide$worksheet$editor$ScriptEditor$DefaultEditorProxy$$doc(ScriptEditor.scala:71)
	at org.scalaide.worksheet.editor.ScriptEditor$DefaultEditorProxy.getContents(ScriptEditor.scala:73)
	at org.scalaide.worksheet.runtime.IncrementalDocumentMixer.<init>(IncrementalDocumentMixer.scala:30)
	at org.scalaide.worksheet.runtime.IncrementalDocumentMixer$.apply(IncrementalDocumentMixer.scala:16)
	at org.scalaide.worksheet.runtime.ProgramExecutor$$anonfun$act$1$$anonfun$apply$1.applyOrElse(ProgramExecutor.scala:167)
	at scala.runtime.AbstractPartialFunction$mcVL$sp.apply$mcVL$sp(AbstractPartialFunction.scala:33)
	at scala.runtime.AbstractPartialFunction$mcVL$sp.apply(AbstractPartialFunction.scala:33)
	at scala.runtime.AbstractPartialFunction$mcVL$sp.apply(AbstractPartialFunction.scala:25)
	at scala.actors.ReactorTask.run(ReactorTask.scala:31)
	at scala.actors.ReactorTask.compute(ReactorTask.scala:63)
	at scala.concurrent.forkjoin.RecursiveAction.exec(RecursiveAction.java:160)
	at scala.concurrent.forkjoin.ForkJoinTask.doExec(ForkJoinTask.java:260)
	at scala.concurrent.forkjoin.ForkJoinPool$WorkQueue.runTask(ForkJoinPool.java:1339)
	at scala.concurrent.forkjoin.ForkJoinPool.runWorker(ForkJoinPool.java:1979)
	at scala.concurrent.forkjoin.ForkJoinWorkerThread.run(ForkJoinWorkerThread.java:107)
2013-09-25 10:40:04,667  WARN [main] - org.scala-ide.sdt.core - org.scala-ide.sdt.core - org.scala-ide.sdt.core - 0 - ProgramExecutor actor </home/rahim/Coursera/ScalaWS/HelloWorld/src/week1/assign2.sc> self-healing...
java.lang.NullPointerException
	at org.scalaide.worksheet.editor.ScriptEditor$DefaultEditorProxy.org$scalaide$worksheet$editor$ScriptEditor$DefaultEditorProxy$$doc(ScriptEditor.scala:71)
	at org.scalaide.worksheet.editor.ScriptEditor$DefaultEditorProxy.getContents(ScriptEditor.scala:73)
	at org.scalaide.worksheet.runtime.IncrementalDocumentMixer.<init>(IncrementalDocumentMixer.scala:30)
	at org.scalaide.worksheet.runtime.IncrementalDocumentMixer$.apply(IncrementalDocumentMixer.scala:16)
	at org.scalaide.worksheet.runtime.ProgramExecutor$$anonfun$act$1$$anonfun$apply$1.applyOrElse(ProgramExecutor.scala:167)
	at scala.runtime.AbstractPartialFunction$mcVL$sp.apply$mcVL$sp(AbstractPartialFunction.scala:33)
	at scala.runtime.AbstractPartialFunction$mcVL$sp.apply(AbstractPartialFunction.scala:33)
	at scala.runtime.AbstractPartialFunction$mcVL$sp.apply(AbstractPartialFunction.scala:25)
	at scala.actors.ReactorTask.run(ReactorTask.scala:31)
	at scala.actors.ReactorTask.compute(ReactorTask.scala:63)
	at scala.concurrent.forkjoin.RecursiveAction.exec(RecursiveAction.java:160)
	at scala.concurrent.forkjoin.ForkJoinTask.doExec(ForkJoinTask.java:260)
	at scala.concurrent.forkjoin.ForkJoinPool$WorkQueue.runTask(ForkJoinPool.java:1339)
	at scala.concurrent.forkjoin.ForkJoinPool.runWorker(ForkJoinPool.java:1979)
	at scala.concurrent.forkjoin.ForkJoinWorkerThread.run(ForkJoinWorkerThread.java:107)
2013-09-26 10:35:29,739 ERROR [main] - org.scala-ide.sdt.core - org.scala-ide.sdt.core - org.scala-ide.sdt.core - 0 - Evaluator actor crashed 
java.lang.NullPointerException
	at org.scalaide.worksheet.editor.ScriptEditor$DefaultEditorProxy.org$scalaide$worksheet$editor$ScriptEditor$DefaultEditorProxy$$doc(ScriptEditor.scala:71)
	at org.scalaide.worksheet.editor.ScriptEditor$DefaultEditorProxy.getContents(ScriptEditor.scala:73)
	at org.scalaide.worksheet.runtime.WorksheetRunner$$anonfun$act$1$$anonfun$apply$1.applyOrElse(WorksheetRunner.scala:56)
	at scala.runtime.AbstractPartialFunction$mcVL$sp.apply$mcVL$sp(AbstractPartialFunction.scala:33)
	at scala.runtime.AbstractPartialFunction$mcVL$sp.apply(AbstractPartialFunction.scala:33)
	at scala.runtime.AbstractPartialFunction$mcVL$sp.apply(AbstractPartialFunction.scala:25)
	at scala.actors.ReactorTask.run(ReactorTask.scala:31)
	at scala.actors.ReactorTask.compute(ReactorTask.scala:63)
	at scala.concurrent.forkjoin.RecursiveAction.exec(RecursiveAction.java:160)
	at scala.concurrent.forkjoin.ForkJoinTask.doExec(ForkJoinTask.java:260)
	at scala.concurrent.forkjoin.ForkJoinPool$WorkQueue.runTask(ForkJoinPool.java:1339)
	at scala.concurrent.forkjoin.ForkJoinPool.runWorker(ForkJoinPool.java:1979)
	at scala.concurrent.forkjoin.ForkJoinWorkerThread.run(ForkJoinWorkerThread.java:107)
2013-09-26 10:48:25,376 ERROR [main] - org.scala-ide.sdt.core - org.scala-ide.sdt.core - org.scala-ide.sdt.core - 0 - Error during askOption
java.lang.InterruptedException
	at java.lang.Object.wait(Native Method)
	at scala.tools.nsc.interactive.Response.get(Response.scala:74)
	at scala.tools.eclipse.ScalaPresentationCompiler.askOption(ScalaPresentationCompiler.scala:146)
	at scala.tools.eclipse.ScalaPresentationCompiler.askOption(ScalaPresentationCompiler.scala:137)
	at scala.tools.eclipse.ScalaProject$$anon$1.create(ScalaProject.scala:102)
	at scala.tools.eclipse.ScalaProject$$anon$1.create(ScalaProject.scala:95)
	at scala.tools.eclipse.util.Cached$class.apply(Cached.scala:30)
	at scala.tools.eclipse.ScalaProject$$anon$1.apply(ScalaProject.scala:95)
	at scala.tools.eclipse.ScalaProject.withPresentationCompiler(ScalaProject.scala:589)
	at scala.tools.eclipse.ScalaProject.withSourceFile(ScalaProject.scala:598)
	at scala.tools.eclipse.InteractiveCompilationUnit$class.withSourceFile(InteractiveCompilationUnit.scala:66)
	at org.scalaide.worksheet.ScriptCompilationUnit.withSourceFile(ScriptCompilationUnit.scala:27)
	at scala.tools.eclipse.ScalaHover.getHoverInfo(ScalaHover.scala:43)
	at org.eclipse.jface.text.TextViewerHoverManager$4.run(TextViewerHoverManager.java:168)
2013-09-26 10:51:47,762 ERROR [main] - org.scala-ide.sdt.core - org.scala-ide.sdt.core - org.scala-ide.sdt.core - 0 - Error during askOption
java.lang.InterruptedException
	at java.lang.Object.wait(Native Method)
	at scala.tools.nsc.interactive.Response.get(Response.scala:74)
	at scala.tools.eclipse.ScalaPresentationCompiler.askOption(ScalaPresentationCompiler.scala:146)
	at scala.tools.eclipse.ScalaPresentationCompiler.askOption(ScalaPresentationCompiler.scala:137)
	at scala.tools.eclipse.ScalaProject$$anon$1.create(ScalaProject.scala:102)
	at scala.tools.eclipse.ScalaProject$$anon$1.create(ScalaProject.scala:95)
	at scala.tools.eclipse.util.Cached$class.apply(Cached.scala:30)
	at scala.tools.eclipse.ScalaProject$$anon$1.apply(ScalaProject.scala:95)
	at scala.tools.eclipse.ScalaProject.withPresentationCompiler(ScalaProject.scala:589)
	at scala.tools.eclipse.ScalaProject.withSourceFile(ScalaProject.scala:598)
	at scala.tools.eclipse.InteractiveCompilationUnit$class.withSourceFile(InteractiveCompilationUnit.scala:66)
	at org.scalaide.worksheet.ScriptCompilationUnit.withSourceFile(ScriptCompilationUnit.scala:27)
	at scala.tools.eclipse.ScalaHover.getHoverInfo(ScalaHover.scala:43)
	at org.eclipse.jface.text.TextViewerHoverManager$4.run(TextViewerHoverManager.java:168)
2013-09-26 11:37:04,162 ERROR [org.eclipse.jface.text.reconciler.MonoReconciler] - System.err - Java Model Exception: Java Model Status [functions does not exist]
2013-09-26 11:37:04,164 ERROR [org.eclipse.jface.text.reconciler.MonoReconciler] - System.err - at org.eclipse.jdt.internal.core.JavaElement.newNotPresentException(JavaElement.java:495)
2013-09-26 11:37:04,164 ERROR [org.eclipse.jface.text.reconciler.MonoReconciler] - System.err - at org.eclipse.jdt.internal.core.JavaModelManager.getPerProjectInfoCheckExistence(JavaModelManager.java:2283)
2013-09-26 11:37:04,164 ERROR [org.eclipse.jface.text.reconciler.MonoReconciler] - System.err - at org.eclipse.jdt.internal.core.JavaProject.getPerProjectInfo(JavaProject.java:1905)
2013-09-26 11:37:04,164 ERROR [org.eclipse.jface.text.reconciler.MonoReconciler] - System.err - at org.eclipse.jdt.internal.core.JavaProject.getRawClasspath(JavaProject.java:1927)
2013-09-26 11:37:04,164 ERROR [org.eclipse.jface.text.reconciler.MonoReconciler] - System.err - at scala.tools.eclipse.ClasspathManagement$class.jdkPaths(ClasspathManagement.scala:138)
2013-09-26 11:37:04,164 ERROR [org.eclipse.jface.text.reconciler.MonoReconciler] - System.err - at scala.tools.eclipse.ScalaProject.jdkPaths(ScalaProject.scala:80)
2013-09-26 11:37:04,164 ERROR [org.eclipse.jface.text.reconciler.MonoReconciler] - System.err - at scala.tools.eclipse.ClasspathManagement$class.scalaClasspath(ClasspathManagement.scala:118)
2013-09-26 11:37:04,164 ERROR [org.eclipse.jface.text.reconciler.MonoReconciler] - System.err - at scala.tools.eclipse.ScalaProject.scalaClasspath(ScalaProject.scala:80)
2013-09-26 11:37:04,164 ERROR [org.eclipse.jface.text.reconciler.MonoReconciler] - System.err - at scala.tools.eclipse.ScalaProject.setupCompilerClasspath(ScalaProject.scala:509)
2013-09-26 11:37:04,164 ERROR [org.eclipse.jface.text.reconciler.MonoReconciler] - System.err - at scala.tools.eclipse.ScalaProject.initializeCompilerSettings(ScalaProject.scala:495)
2013-09-26 11:37:04,164 ERROR [org.eclipse.jface.text.reconciler.MonoReconciler] - System.err - at scala.tools.eclipse.ScalaProject$$anon$1.create(ScalaProject.scala:99)
2013-09-26 11:37:04,164 ERROR [org.eclipse.jface.text.reconciler.MonoReconciler] - System.err - at scala.tools.eclipse.ScalaProject$$anon$1.create(ScalaProject.scala:95)
2013-09-26 11:37:04,164 ERROR [org.eclipse.jface.text.reconciler.MonoReconciler] - System.err - at scala.tools.eclipse.util.Cached$class.apply(Cached.scala:30)
2013-09-26 11:37:04,164 ERROR [org.eclipse.jface.text.reconciler.MonoReconciler] - System.err - at scala.tools.eclipse.ScalaProject$$anon$1.apply(ScalaProject.scala:95)
2013-09-26 11:37:04,165 ERROR [org.eclipse.jface.text.reconciler.MonoReconciler] - System.err - at scala.tools.eclipse.ScalaProject.withPresentationCompiler(ScalaProject.scala:589)
2013-09-26 11:37:04,165 ERROR [org.eclipse.jface.text.reconciler.MonoReconciler] - System.err - at org.scalaide.worksheet.ScriptCompilationUnit.reconcile(ScriptCompilationUnit.scala:74)
2013-09-26 11:37:04,165 ERROR [org.eclipse.jface.text.reconciler.MonoReconciler] - System.err - at org.scalaide.worksheet.reconciler.ScalaReconcilingStrategy.reconcile(ScalaReconcilingStrategy.scala:31)
2013-09-26 11:37:04,165 ERROR [org.eclipse.jface.text.reconciler.MonoReconciler] - System.err - at org.eclipse.jface.text.reconciler.MonoReconciler.process(MonoReconciler.java:77)
2013-09-26 11:37:04,165 ERROR [org.eclipse.jface.text.reconciler.MonoReconciler] - System.err - at org.eclipse.jface.text.reconciler.AbstractReconciler$BackgroundThread.run(AbstractReconciler.java:206)
2013-09-26 11:37:04,171 ERROR [main] - org.scala-ide.sdt.core - org.scala-ide.sdt.core - org.scala-ide.sdt.core - 0 - Java Model Exception: Java Model Status [functions does not exist]
2013-10-11 09:49:02,534 ERROR [ForkJoinPool-1-worker-5] - System.err - WorksheetManager <actor>: caught java.util.NoSuchElementException: None.get
2013-10-11 09:49:02,559 ERROR [ForkJoinPool-1-worker-5] - System.err - java.util.NoSuchElementException: None.get
2013-10-11 09:49:02,560 ERROR [ForkJoinPool-1-worker-5] - System.err - at scala.None$.get(Option.scala:313)
2013-10-11 09:49:02,560 ERROR [ForkJoinPool-1-worker-5] - System.err - at scala.None$.get(Option.scala:311)
2013-10-11 09:49:02,560 ERROR [ForkJoinPool-1-worker-5] - System.err - at org.scalaide.worksheet.ScriptCompilationUnit.scalaProject$lzycompute(ScriptCompilationUnit.scala:33)
2013-10-11 09:49:02,560 ERROR [ForkJoinPool-1-worker-5] - System.err - at org.scalaide.worksheet.ScriptCompilationUnit.scalaProject(ScriptCompilationUnit.scala:33)
2013-10-11 09:49:02,560 ERROR [ForkJoinPool-1-worker-5] - System.err - at org.scalaide.worksheet.runtime.WorksheetsManager.org$scalaide$worksheet$runtime$WorksheetsManager$$forwardIfEvaluatorExists(WorksheetsManager.scala:53)
2013-10-11 09:49:02,560 ERROR [ForkJoinPool-1-worker-5] - System.err - at org.scalaide.worksheet.runtime.WorksheetsManager$$anonfun$act$1$$anonfun$apply$1.applyOrElse(WorksheetsManager.scala:34)
2013-10-11 09:49:02,560 ERROR [ForkJoinPool-1-worker-5] - System.err - at scala.runtime.AbstractPartialFunction$mcVL$sp.apply$mcVL$sp(AbstractPartialFunction.scala:33)
2013-10-11 09:49:02,560 ERROR [ForkJoinPool-1-worker-5] - System.err - at scala.runtime.AbstractPartialFunction$mcVL$sp.apply(AbstractPartialFunction.scala:33)
2013-10-11 09:49:02,560 ERROR [ForkJoinPool-1-worker-5] - System.err - at scala.runtime.AbstractPartialFunction$mcVL$sp.apply(AbstractPartialFunction.scala:25)
2013-10-11 09:49:02,560 ERROR [ForkJoinPool-1-worker-5] - System.err - at scala.actors.ReactorTask.run(ReactorTask.scala:31)
2013-10-11 09:49:02,560 ERROR [ForkJoinPool-1-worker-5] - System.err - at scala.actors.ReactorTask.compute(ReactorTask.scala:63)
2013-10-11 09:49:02,560 ERROR [ForkJoinPool-1-worker-5] - System.err - at scala.concurrent.forkjoin.RecursiveAction.exec(RecursiveAction.java:160)
2013-10-11 09:49:02,560 ERROR [ForkJoinPool-1-worker-5] - System.err - at scala.concurrent.forkjoin.ForkJoinTask.doExec(ForkJoinTask.java:260)
2013-10-11 09:49:02,560 ERROR [ForkJoinPool-1-worker-5] - System.err - at scala.concurrent.forkjoin.ForkJoinPool$WorkQueue.pollAndExecAll(ForkJoinPool.java:1253)
2013-10-11 09:49:02,560 ERROR [ForkJoinPool-1-worker-5] - System.err - at scala.concurrent.forkjoin.ForkJoinPool$WorkQueue.runTask(ForkJoinPool.java:1346)
2013-10-11 09:49:02,560 ERROR [ForkJoinPool-1-worker-5] - System.err - at scala.concurrent.forkjoin.ForkJoinPool.runWorker(ForkJoinPool.java:1979)
2013-10-11 09:49:02,560 ERROR [ForkJoinPool-1-worker-5] - System.err - at scala.concurrent.forkjoin.ForkJoinWorkerThread.run(ForkJoinWorkerThread.java:107)
2013-10-11 10:51:58,242 ERROR [main] - org.scala-ide.sdt.core - org.scala-ide.sdt.core - org.scala-ide.sdt.core - 0 - Error during askOption
scala.reflect.internal.FatalError: Unknown type: <error>, <error> [class scala.reflect.internal.Types$ErrorType$, class scala.reflect.internal.Types$ErrorType$] TypeRef? false
	at scala.reflect.internal.SymbolTable.abort(SymbolTable.scala:49)
	at scala.tools.nsc.Global.abort(Global.scala:254)
	at scala.tools.nsc.backend.icode.TypeKinds$class.toTypeKind(TypeKinds.scala:397)
	at scala.tools.nsc.backend.icode.ICodes.toTypeKind(ICodes.scala:20)
	at scala.tools.nsc.backend.icode.TypeKinds$class.scala$tools$nsc$backend$icode$TypeKinds$$arrayOrClassType(TypeKinds.scala:406)
	at scala.tools.nsc.backend.icode.TypeKinds$$anonfun$primitiveOrClassType$1.apply(TypeKinds.scala:433)
	at scala.tools.nsc.backend.icode.TypeKinds$$anonfun$primitiveOrClassType$1.apply(TypeKinds.scala:433)
	at scala.collection.MapLike$class.getOrElse(MapLike.scala:128)
	at scala.collection.AbstractMap.getOrElse(Map.scala:58)
	at scala.tools.nsc.backend.icode.TypeKinds$class.primitiveOrClassType(TypeKinds.scala:433)
	at scala.tools.nsc.backend.icode.TypeKinds$class.toTypeKind(TypeKinds.scala:383)
	at scala.tools.nsc.backend.icode.ICodes.toTypeKind(ICodes.scala:20)
	at scala.tools.nsc.backend.jvm.GenJVMUtil$BytecodeUtil$class.javaType(GenJVMUtil.scala:100)
	at scala.tools.eclipse.JVMUtils$$anon$1.javaType(JVMUtils.scala:15)
	at scala.tools.eclipse.JVMUtils$class.javaType(JVMUtils.scala:38)
	at scala.tools.eclipse.ScalaPresentationCompiler.javaType(ScalaPresentationCompiler.scala:36)
	at scala.tools.eclipse.javaelements.ScalaJavaMapper$class.mapParamTypeSignature(ScalaJavaMapper.scala:232)
	at scala.tools.eclipse.ScalaPresentationCompiler.mapParamTypeSignature(ScalaPresentationCompiler.scala:36)
	at scala.tools.eclipse.javaelements.ScalaStructureBuilder$StructureBuilderTraverser$DefOwner$$anonfun$16.apply(ScalaStructureBuilder.scala:674)
	at scala.tools.eclipse.javaelements.ScalaStructureBuilder$StructureBuilderTraverser$DefOwner$$anonfun$16.apply(ScalaStructureBuilder.scala:674)
	at scala.collection.TraversableLike$$anonfun$map$1.apply(TraversableLike.scala:244)
	at scala.collection.TraversableLike$$anonfun$map$1.apply(TraversableLike.scala:244)
	at scala.collection.immutable.List.foreach(List.scala:318)
	at scala.collection.TraversableLike$class.map(TraversableLike.scala:244)
	at scala.collection.AbstractTraversable.map(Traversable.scala:105)
	at scala.tools.eclipse.javaelements.ScalaStructureBuilder$StructureBuilderTraverser$DefOwner$class.addDef(ScalaStructureBuilder.scala:674)
	at scala.tools.eclipse.javaelements.ScalaStructureBuilder$StructureBuilderTraverser$Builder.addDef(ScalaStructureBuilder.scala:872)
	at scala.tools.eclipse.javaelements.ScalaStructureBuilder$StructureBuilderTraverser$DefOwner$class.addDef(ScalaStructureBuilder.scala:659)
	at scala.tools.eclipse.javaelements.ScalaStructureBuilder$StructureBuilderTraverser$Builder.addDef(ScalaStructureBuilder.scala:872)
	at scala.tools.eclipse.javaelements.ScalaStructureBuilder$StructureBuilderTraverser$TreeTraverser.traverse(ScalaStructureBuilder.scala:944)
	at scala.tools.eclipse.javaelements.ScalaStructureBuilder$StructureBuilderTraverser$TreeTraverser$$anonfun$traverse$1.apply(ScalaStructureBuilder.scala:951)
	at scala.tools.eclipse.javaelements.ScalaStructureBuilder$StructureBuilderTraverser$TreeTraverser$$anonfun$traverse$1.apply(ScalaStructureBuilder.scala:951)
	at scala.collection.immutable.List.foreach(List.scala:318)
	at scala.tools.eclipse.javaelements.ScalaStructureBuilder$StructureBuilderTraverser$TreeTraverser.traverse(ScalaStructureBuilder.scala:951)
	at scala.tools.eclipse.javaelements.ScalaStructureBuilder$StructureBuilderTraverser$TreeTraverser$$anonfun$traverse$1.apply(ScalaStructureBuilder.scala:951)
	at scala.tools.eclipse.javaelements.ScalaStructureBuilder$StructureBuilderTraverser$TreeTraverser$$anonfun$traverse$1.apply(ScalaStructureBuilder.scala:951)
	at scala.collection.immutable.List.foreach(List.scala:318)
	at scala.tools.eclipse.javaelements.ScalaStructureBuilder$StructureBuilderTraverser$TreeTraverser.traverse(ScalaStructureBuilder.scala:951)
	at scala.tools.eclipse.javaelements.ScalaStructureBuilder$StructureBuilderTraverser$TreeTraverser$$anonfun$traverse$1.apply(ScalaStructureBuilder.scala:951)
	at scala.tools.eclipse.javaelements.ScalaStructureBuilder$StructureBuilderTraverser$TreeTraverser$$anonfun$traverse$1.apply(ScalaStructureBuilder.scala:951)
	at scala.collection.immutable.List.foreach(List.scala:318)
	at scala.tools.eclipse.javaelements.ScalaStructureBuilder$StructureBuilderTraverser$TreeTraverser.traverse(ScalaStructureBuilder.scala:951)
	at scala.tools.eclipse.javaelements.ScalaStructureBuilder$StructureBuilderTraverser.traverse(ScalaStructureBuilder.scala:904)
	at scala.tools.eclipse.javaelements.ScalaCompilationUnit$$anonfun$buildStructure$2$$anonfun$apply$5$$anonfun$apply$1.apply$mcV$sp(ScalaCompilationUnit.scala:89)
	at scala.tools.eclipse.javaelements.ScalaCompilationUnit$$anonfun$buildStructure$2$$anonfun$apply$5$$anonfun$apply$1.apply(ScalaCompilationUnit.scala:88)
	at scala.tools.eclipse.javaelements.ScalaCompilationUnit$$anonfun$buildStructure$2$$anonfun$apply$5$$anonfun$apply$1.apply(ScalaCompilationUnit.scala:88)
	at scala.tools.nsc.util.InterruptReq.execute(InterruptReq.scala:26)
	at scala.tools.nsc.interactive.Global.pollForWork(Global.scala:339)
	at scala.tools.nsc.interactive.PresentationCompilerThread.run(PresentationCompilerThread.scala:22)
